<?xml version='1.0' encoding='UTF-8'?>
<testsuite hostname="Agun-Buhori-Salla-Device" name="services.BookOrderServiceSpec" tests="8" errors="0" failures="0" skipped="0" time="0.026" timestamp="2026-04-14T09:09:20">
          <properties>
[...]
</properties>
          <testcase classname="services.BookOrderServiceSpec" name="BookOrderService should create order successfully" time="0.02">
                      
                    </testcase><testcase classname="services.BookOrderServiceSpec" name="BookOrderService should throw ValidationException when create payload invalid" time="0.001">
                      
                    </testcase><testcase classname="services.BookOrderServiceSpec" name="BookOrderService should return paged list" time="0.001">
                      
                    </testcase><testcase classname="services.BookOrderServiceSpec" name="BookOrderService should throw ValidationException when pagination invalid" time="0.0">
                      
                    </testcase><testcase classname="services.BookOrderServiceSpec" name="BookOrderService should update existing order" time="0.0">
                      
                    </testcase><testcase classname="services.BookOrderServiceSpec" name="BookOrderService should throw NotFoundException when updating non-existing order" time="0.001">
                      
                    </testcase><testcase classname="services.BookOrderServiceSpec" name="BookOrderService should delete existing order" time="0.002">
                      
                    </testcase><testcase classname="services.BookOrderServiceSpec" name="BookOrderService should throw NotFoundException when deleting non-existing order" time="0.001">
                      
                    </testcase>
          <system-out><![CDATA[]]></system-out>
          <system-err><![CDATA[]]></system-err>
        </testsuite>